Determining if the pthread_create exist failed with the following output:
Change Dir: /home/mady/MEGA/mady/courses/learn_ros_python/simulation_ws/build/CMakeFiles/CMakeTmp

Run Build Command:"/usr/bin/make" "cmTC_387e4/fast"
/usr/bin/make -f CMakeFiles/cmTC_387e4.dir/build.make CMakeFiles/cmTC_387e4.dir/build
make[1]: Entering directory '/home/mady/MEGA/mady/courses/learn_ros_python/simulation_ws/build/CMakeFiles/CMakeTmp'
Building C object CMakeFiles/cmTC_387e4.dir/CheckSymbolExists.c.o
/usr/bin/cc    -o CMakeFiles/cmTC_387e4.dir/CheckSymbolExists.c.o   -c /home/mady/MEGA/mady/courses/learn_ros_python/simulation_ws/build/CMakeFiles/CMakeTmp/CheckSymbolExists.c
Linking C executable cmTC_387e4
/usr/bin/cmake -E cmake_link_script CMakeFiles/cmTC_387e4.dir/link.txt --verbose=1
/usr/bin/cc      -rdynamic CMakeFiles/cmTC_387e4.dir/CheckSymbolExists.c.o  -o cmTC_387e4 
CMakeFiles/cmTC_387e4.dir/CheckSymbolExists.c.o: In function `main':
CheckSymbolExists.c:(.text+0x1b): undefined reference to `pthread_create'
collect2: error: ld returned 1 exit status
CMakeFiles/cmTC_387e4.dir/build.make:97: recipe for target 'cmTC_387e4' failed
make[1]: *** [cmTC_387e4] Error 1
make[1]: Leaving directory '/home/mady/MEGA/mady/courses/learn_ros_python/simulation_ws/build/CMakeFiles/CMakeTmp'
Makefile:126: recipe for target 'cmTC_387e4/fast' failed
make: *** [cmTC_387e4/fast] Error 2

File /home/mady/MEGA/mady/courses/learn_ros_python/simulation_ws/build/CMakeFiles/CMakeTmp/CheckSymbolExists.c:
/* */
#include <pthread.h>

int main(int argc, char** argv)
{
  (void)argv;
#ifndef pthread_create
  return ((int*)(&pthread_create))[argc];
#else
  (void)argc;
  return 0;
#endif
}

Determining if the function pthread_create exists in the pthreads failed with the following output:
Change Dir: /home/mady/MEGA/mady/courses/learn_ros_python/simulation_ws/build/CMakeFiles/CMakeTmp

Run Build Command:"/usr/bin/make" "cmTC_5987c/fast"
/usr/bin/make -f CMakeFiles/cmTC_5987c.dir/build.make CMakeFiles/cmTC_5987c.dir/build
make[1]: Entering directory '/home/mady/MEGA/mady/courses/learn_ros_python/simulation_ws/build/CMakeFiles/CMakeTmp'
Building C object CMakeFiles/cmTC_5987c.dir/CheckFunctionExists.c.o
/usr/bin/cc   -DCHECK_FUNCTION_EXISTS=pthread_create   -o CMakeFiles/cmTC_5987c.dir/CheckFunctionExists.c.o   -c /usr/share/cmake-3.10/Modules/CheckFunctionExists.c
Linking C executable cmTC_5987c
/usr/bin/cmake -E cmake_link_script CMakeFiles/cmTC_5987c.dir/link.txt --verbose=1
/usr/bin/cc  -DCHECK_FUNCTION_EXISTS=pthread_create    -rdynamic CMakeFiles/cmTC_5987c.dir/CheckFunctionExists.c.o  -o cmTC_5987c -lpthreads 
/usr/bin/ld: cannot find -lpthreads
collect2: error: ld returned 1 exit status
CMakeFiles/cmTC_5987c.dir/build.make:97: recipe for target 'cmTC_5987c' failed
make[1]: *** [cmTC_5987c] Error 1
make[1]: Leaving directory '/home/mady/MEGA/mady/courses/learn_ros_python/simulation_ws/build/CMakeFiles/CMakeTmp'
Makefile:126: recipe for target 'cmTC_5987c/fast' failed
make: *** [cmTC_5987c/fast] Error 2


